RECT 0 0 289940 602700 ;
RECT 1036000 1000 4193980 1474500 ;
RECT 1120 1474500 4193980 3412800 ;
RECT 120000 800000 124500 800500 ;
RECT 120000 800500 120500 804500 ;
RECT 124500 800500 125000 804500 ;
RECT 120000 804500 125000 805000 ;
RECT 122000 802000 123000 803000 ;
RECT 135000 800000 139500 800500 ;
RECT 135000 800500 135500 804500 ;
RECT 139500 800500 140000 804500 ;
RECT 135000 804500 140000 805000 ;
RECT 137000 802000 138000 803000 ;
RECT 150000 800000 154500 800500 ;
RECT 150000 800500 150500 804500 ;
RECT 154500 800500 155000 804500 ;
RECT 150000 804500 155000 805000 ;
RECT 152000 802000 153000 803000 ;
RECT 165000 800000 169500 800500 ;
RECT 165000 800500 165500 804500 ;
RECT 169500 800500 170000 804500 ;
RECT 165000 804500 170000 805000 ;
RECT 167000 802000 168000 803000 ;
RECT 180000 800000 184500 800500 ;
RECT 180000 800500 180500 804500 ;
RECT 184500 800500 185000 804500 ;
RECT 180000 804500 185000 805000 ;
RECT 182000 802000 183000 803000 ;
RECT 195000 800000 199500 800500 ;
RECT 195000 800500 195500 804500 ;
RECT 199500 800500 200000 804500 ;
RECT 195000 804500 200000 805000 ;
RECT 197000 802000 198000 803000 ;
RECT 210000 800000 214500 800500 ;
RECT 210000 800500 210500 804500 ;
RECT 214500 800500 215000 804500 ;
RECT 210000 804500 215000 805000 ;
RECT 212000 802000 213000 803000 ;
RECT 225000 800000 229500 800500 ;
RECT 225000 800500 225500 804500 ;
RECT 229500 800500 230000 804500 ;
RECT 225000 804500 230000 805000 ;
RECT 227000 802000 228000 803000 ;
RECT 240000 800000 244500 800500 ;
RECT 240000 800500 240500 804500 ;
RECT 244500 800500 245000 804500 ;
RECT 240000 804500 245000 805000 ;
RECT 242000 802000 243000 803000 ;
RECT 255000 800000 259500 800500 ;
RECT 255000 800500 255500 804500 ;
RECT 259500 800500 260000 804500 ;
RECT 255000 804500 260000 805000 ;
RECT 257000 802000 258000 803000 ;
RECT 270000 800000 274500 800500 ;
RECT 270000 800500 270500 804500 ;
RECT 274500 800500 275000 804500 ;
RECT 270000 804500 275000 805000 ;
RECT 272000 802000 273000 803000 ;
RECT 285000 800000 289500 800500 ;
RECT 285000 800500 285500 804500 ;
RECT 289500 800500 290000 804500 ;
RECT 285000 804500 290000 805000 ;
RECT 287000 802000 288000 803000 ;
RECT 300000 800000 304500 800500 ;
RECT 300000 800500 300500 804500 ;
RECT 304500 800500 305000 804500 ;
RECT 300000 804500 305000 805000 ;
RECT 302000 802000 303000 803000 ;
RECT 315000 800000 319500 800500 ;
RECT 315000 800500 315500 804500 ;
RECT 319500 800500 320000 804500 ;
RECT 315000 804500 320000 805000 ;
RECT 317000 802000 318000 803000 ;
RECT 330000 800000 334500 800500 ;
RECT 330000 800500 330500 804500 ;
RECT 334500 800500 335000 804500 ;
RECT 330000 804500 335000 805000 ;
RECT 332000 802000 333000 803000 ;
RECT 345000 800000 349500 800500 ;
RECT 345000 800500 345500 804500 ;
RECT 349500 800500 350000 804500 ;
RECT 345000 804500 350000 805000 ;
RECT 347000 802000 348000 803000 ;
RECT 360000 800000 364500 800500 ;
RECT 360000 800500 360500 804500 ;
RECT 364500 800500 365000 804500 ;
RECT 360000 804500 365000 805000 ;
RECT 362000 802000 363000 803000 ;
RECT 375000 800000 379500 800500 ;
RECT 375000 800500 375500 804500 ;
RECT 379500 800500 380000 804500 ;
RECT 375000 804500 380000 805000 ;
RECT 377000 802000 378000 803000 ;
RECT 390000 800000 394500 800500 ;
RECT 390000 800500 390500 804500 ;
RECT 394500 800500 395000 804500 ;
RECT 390000 804500 395000 805000 ;
RECT 392000 802000 393000 803000 ;
RECT 405000 800000 409500 800500 ;
RECT 405000 800500 405500 804500 ;
RECT 409500 800500 410000 804500 ;
RECT 405000 804500 410000 805000 ;
RECT 407000 802000 408000 803000 ;
RECT 420000 800000 424500 800500 ;
RECT 420000 800500 420500 804500 ;
RECT 424500 800500 425000 804500 ;
RECT 420000 804500 425000 805000 ;
RECT 422000 802000 423000 803000 ;
RECT 435000 800000 439500 800500 ;
RECT 435000 800500 435500 804500 ;
RECT 439500 800500 440000 804500 ;
RECT 435000 804500 440000 805000 ;
RECT 437000 802000 438000 803000 ;
RECT 450000 800000 454500 800500 ;
RECT 450000 800500 450500 804500 ;
RECT 454500 800500 455000 804500 ;
RECT 450000 804500 455000 805000 ;
RECT 452000 802000 453000 803000 ;
RECT 465000 800000 469500 800500 ;
RECT 465000 800500 465500 804500 ;
RECT 469500 800500 470000 804500 ;
RECT 465000 804500 470000 805000 ;
RECT 467000 802000 468000 803000 ;
RECT 480000 800000 484500 800500 ;
RECT 480000 800500 480500 804500 ;
RECT 484500 800500 485000 804500 ;
RECT 480000 804500 485000 805000 ;
RECT 482000 802000 483000 803000 ;
RECT 495000 800000 499500 800500 ;
RECT 495000 800500 495500 804500 ;
RECT 499500 800500 500000 804500 ;
RECT 495000 804500 500000 805000 ;
RECT 497000 802000 498000 803000 ;
RECT 510000 800000 514500 800500 ;
RECT 510000 800500 510500 804500 ;
RECT 514500 800500 515000 804500 ;
RECT 510000 804500 515000 805000 ;
RECT 512000 802000 513000 803000 ;
RECT 525000 800000 529500 800500 ;
RECT 525000 800500 525500 804500 ;
RECT 529500 800500 530000 804500 ;
RECT 525000 804500 530000 805000 ;
RECT 527000 802000 528000 803000 ;
RECT 540000 800000 544500 800500 ;
RECT 540000 800500 540500 804500 ;
RECT 544500 800500 545000 804500 ;
RECT 540000 804500 545000 805000 ;
RECT 542000 802000 543000 803000 ;
RECT 555000 800000 559500 800500 ;
RECT 555000 800500 555500 804500 ;
RECT 559500 800500 560000 804500 ;
RECT 555000 804500 560000 805000 ;
RECT 557000 802000 558000 803000 ;
