OPERATION X1 ;

DATA MERGE X1 ;
HOLE 58520 539700 58520 541100 59080 541100 59080 542500 65380 542500 65380 543900 64960 543900 64960 545300 64820 545300 64820 546700 68040 546700 68040 548100 66780 548100 66780 549500 67200 549500 67200 550900 73220 550900 73220 549500 72800 549500 72800 548100 73920 548100 73920 549500 79940 549500 79940 548100 80080 548100 80080 546700 82880 546700 82880 545300 83020 545300 83020 543900 77420 543900 77420 542500 77140 542500 77140 541100 81200 541100 81200 542500 83020 542500 83020 543900 89040 543900 89040 542500 87220 542500 87220 541100 88900 541100 88900 539700 82880 539700 82880 541100 82600 541100 82600 539700 58520 539700 ;
HOLE 2520 539700 2520 541100 2240 541100 2240 542500 5040 542500 5040 543900 4340 543900 4340 545300 3920 545300 3920 546700 3640 546700 3640 548100 3500 548100 3500 549500 3360 549500 3360 550900 2940 550900 2940 552300 2240 552300 2240 553700 7980 553700 7980 555100 7560 555100 7560 556500 7140 556500 7140 557900 13160 557900 13160 556500 13580 556500 13580 555100 14000 555100 14000 553700 14280 553700 14280 552300 14980 552300 14980 550900 15400 550900 15400 549500 15540 549500 15540 548100 15680 548100 15680 546700 15960 546700 15960 545300 16380 545300 16380 543900 17080 543900 17080 542500 14280 542500 14280 541100 14560 541100 14560 539700 2520 539700 ;
HOLE 266840 539700 266840 541100 271180 541100 271180 542500 271740 542500 271740 543900 271880 543900 271880 545300 277900 545300 277900 543900 277760 543900 277760 542500 277200 542500 277200 541100 278880 541100 278880 539700 266840 539700 ;
HOLE 129360 541100 129500 541100 129500 539700 117460 539700 117460 541100 117320 541100 117320 542500 117740 542500 117740 543900 123900 543900 123900 545300 124040 545300 124040 546700 124460 546700 124460 548100 124880 548100 124880 550900 130900 550900 130900 548100 130480 548100 130480 546700 130060 546700 130060 545300 129920 545300 129920 543900 129780 543900 129780 542500 129360 542500 129360 541100 ;
HOLE 131880 548100 137900 548100 137900 541100 143920 541100 143920 539700 131880 539700 131880 548100 ;
HOLE 190820 541100 196980 541100 196980 539700 184940 539700 184940 541100 184800 541100 184800 542500 187740 542500 187740 543900 193760 543900 193760 542500 190820 542500 190820 541100 ;
HOLE 19600 545300 25620 545300 25620 539700 19600 539700 19600 545300 ;
HOLE 215320 548100 214480 548100 214480 549500 220500 549500 220500 548100 221340 548100 221340 546700 221900 546700 221900 545300 222600 545300 222600 543900 222880 543900 222880 542500 223160 542500 223160 541100 223440 541100 223440 539700 211400 539700 211400 541100 211120 541100 211120 542500 210840 542500 210840 543900 210560 543900 210560 545300 215880 545300 215880 546700 215320 546700 215320 548100 ;
POLYGON 288940 539000 288940 601700 1000 601700 1000 539000 288940 539000 ;
HOLE 2718300 1155770 2718300 961770 2538700 961770 2538700 1155770 2718300 1155770 ;
POLYGON 2689300 1091070 2656000 1091070 2656000 1026470 2689300 1026470 2689300 1091070 ;
POLYGON 1659400 2339925 1626100 2339925 1626100 2275325 1659400 2275325 1659400 2339925 ;
HOLE 1776700 2404625 1776700 2210625 1597100 2210625 1597100 2404625 1776700 2404625 ;
POLYGON 4106700 3412800 3999500 3412800 3999500 3223000 3819900 3223000 3819900 3412800 3770900 3412800 3770900 3223000 3591300 3223000 3591300 3412800 3542300 3412800 3542300 3223000 3362700 3223000 3362700 3412800 3313700 3412800 3313700 3223000 3134100 3223000 3134100 3412800 3085100 3412800 3085100 3223000 2905500 3223000 2905500 3412800 2856500 3412800 2856500 3223000 2676900 3223000 2676900 3412800 2627900 3412800 2627900 3223000 2448300 3223000 2448300 3412800 2399300 3412800 2399300 3223000 2219700 3223000 2219700 3412800 2170700 3412800 2170700 3223000 1991100 3223000 1991100 3412800 1942100 3412800 1942100 3223000 1762500 3223000 1762500 3412800 1713500 3412800 1713500 3223000 1533900 3223000 1533900 3412800 1484900 3412800 1484900 3223000 1305300 3223000 1305300 3412800 1256300 3412800 1256300 3223000 1076700 3223000 1076700 3412800 1027700 3412800 1027700 3223000 848100 3223000 848100 3412800 799100 3412800 799100 3223000 619500 3223000 619500 3412800 570500 3412800 570500 3223000 390900 3223000 390900 3412800 341900 3412800 341900 3223000 162300 3223000 162300 3412800 88300 3412800 88300 2459000 1120 2459000 1120 2428000 88300 2428000 88300 1474500 162300 1474500 162300 1664000 341900 1664000 341900 1474500 385900 1474500 385900 1664000 565500 1664000 565500 1474500 609500 1474500 609500 1664000 789100 1664000 789100 1474500 833100 1474500 833100 1664000 1012700 1664000 1012700 1474500 1036000 1474500 1036000 1076150 1097000 1076150 1097000 193950 1036000 193950 1036000 1000 4193980 1000 4193980 1122000 4106700 1122000 4106700 3412800 ;
POLYGON 4135700 1377700 4169000 1377700 4169000 1442300 4135700 1442300 4135700 1377700 ;
POLYGON 4169000 1251300 4135700 1251300 4135700 1186700 4169000 1186700 4169000 1251300 ;
POLYGON 1043600 2275325 1076900 2275325 1076900 2339925 1043600 2339925 1043600 2275325 ;
HOLE 926300 2210625 926300 2404625 1105900 2404625 1105900 2210625 926300 2210625 ;
POLYGON 503200 1534700 536500 1534700 536500 1599300 503200 1599300 503200 1534700 ;
POLYGON 4135700 1568700 4169000 1568700 4169000 1633300 4135700 1633300 4135700 1568700 ;
HOLE 1149900 2210625 1149900 2404625 1329500 2404625 1329500 2210625 1149900 2210625 ;
POLYGON 1300500 2339925 1267200 2339925 1267200 2275325 1300500 2275325 1300500 2339925 ;
POLYGON 1402500 2275325 1435800 2275325 1435800 2339925 1402500 2339925 1402500 2275325 ;
HOLE 1373500 2210625 1373500 2404625 1553100 2404625 1553100 2210625 1373500 2210625 ;
POLYGON 1562900 3287700 1596200 3287700 1596200 3352300 1562900 3352300 1562900 3287700 ;
HOLE 3118300 1766315 3118300 1572315 2938700 1572315 2938700 1766315 3118300 1766315 ;
POLYGON 3056000 1637015 3089300 1637015 3089300 1701615 3056000 1701615 3056000 1637015 ;
POLYGON 638500 1534700 671800 1534700 671800 1599300 638500 1599300 638500 1534700 ;
POLYGON 2794200 3287700 2827500 3287700 2827500 3352300 2794200 3352300 2794200 3287700 ;
POLYGON 26000 1534700 59300 1534700 59300 1599300 26000 1599300 26000 1534700 ;
HOLE 2491500 2210625 2491500 2404625 2671100 2404625 2671100 2210625 2491500 2210625 ;
POLYGON 2608800 2275325 2642100 2275325 2642100 2339925 2608800 2339925 2608800 2275325 ;
HOLE 4012700 2404625 4012700 2210625 3833100 2210625 3833100 2404625 4012700 2404625 ;
POLYGON 3895400 2339925 3862100 2339925 3862100 2275325 3895400 2275325 3895400 2339925 ;
POLYGON 2608800 1637015 2642100 1637015 2642100 1701615 2608800 1701615 2608800 1637015 ;
HOLE 2491500 1572315 2491500 1766315 2671100 1766315 2671100 1572315 2491500 1572315 ;
POLYGON 59300 1790300 26000 1790300 26000 1725700 59300 1725700 59300 1790300 ;
POLYGON 2053400 3352300 2020100 3352300 2020100 3287700 2053400 3287700 2053400 3352300 ;
POLYGON 312900 1599300 279600 1599300 279600 1534700 312900 1534700 312900 1599300 ;
POLYGON 3022800 3287700 3056100 3287700 3056100 3352300 3022800 3352300 3022800 3287700 ;
POLYGON 3284700 3352300 3251400 3352300 3251400 3287700 3284700 3287700 3284700 3352300 ;
POLYGON 2248700 3352300 2248700 3287700 2282000 3287700 2282000 3352300 2248700 3352300 ;
POLYGON 3937200 3287700 3970500 3287700 3970500 3352300 3937200 3352300 3937200 3287700 ;
POLYGON 3312900 2339925 3279600 2339925 3279600 2275325 3312900 2275325 3312900 2339925 ;
HOLE 3341900 2404625 3341900 2210625 3162300 2210625 3162300 2404625 3341900 2404625 ;
POLYGON 1673300 1026470 1706600 1026470 1706600 1091070 1673300 1091070 1673300 1026470 ;
HOLE 1644300 961770 1644300 1155770 1823900 1155770 1823900 961770 1644300 961770 ;
HOLE 2315100 961770 2315100 1155770 2494700 1155770 2494700 961770 2315100 961770 ;
POLYGON 2432400 1026470 2465700 1026470 2465700 1091070 2432400 1091070 2432400 1026470 ;
POLYGON 2967700 1637015 3001000 1637015 3001000 1701615 2967700 1701615 2967700 1637015 ;
HOLE 1942100 2876415 1942100 2682415 1762500 2682415 1762500 2876415 1942100 2876415 ;
POLYGON 1824800 2811715 1791500 2811715 1791500 2747115 1824800 2747115 1824800 2811715 ;
HOLE 2715100 2210625 2715100 2404625 2894700 2404625 2894700 2210625 2715100 2210625 ;
POLYGON 2832400 2275325 2865700 2275325 2865700 2339925 2832400 2339925 2832400 2275325 ;
HOLE 1957000 348150 1957000 447950 2020000 447950 2020000 348150 1957000 348150 ;
POLYGON 414900 1534700 448200 1534700 448200 1599300 414900 1599300 414900 1534700 ;
POLYGON 59300 2172300 26000 2172300 26000 2107700 59300 2107700 59300 2172300 ;
HOLE 3609500 2210625 3609500 2404625 3789100 2404625 3789100 2210625 3609500 2210625 ;
POLYGON 3726800 2275325 3760100 2275325 3760100 2339925 3726800 2339925 3726800 2275325 ;
HOLE 2856500 2876415 2856500 2682415 2676900 2682415 2676900 2876415 2856500 2876415 ;
POLYGON 2827500 2811715 2794200 2811715 2794200 2747115 2827500 2747115 2827500 2811715 ;
HOLE 2267900 2210625 2267900 2404625 2447500 2404625 2447500 2210625 2267900 2210625 ;
POLYGON 2385200 2275325 2418500 2275325 2418500 2339925 2385200 2339925 2385200 2275325 ;
POLYGON 988600 2339925 955300 2339925 955300 2275325 988600 2275325 988600 2339925 ;
HOLE 1484900 2682415 1305300 2682415 1305300 2876415 1484900 2876415 1484900 2682415 ;
POLYGON 1455900 2811715 1422600 2811715 1422600 2747115 1455900 2747115 1455900 2811715 ;
POLYGON 3708600 3287700 3741900 3287700 3741900 3352300 3708600 3352300 3708600 3287700 ;
POLYGON 4169000 2970300 4135700 2970300 4135700 2905700 4169000 2905700 4169000 2970300 ;
POLYGON 1490800 2275325 1524100 2275325 1524100 2339925 1490800 2339925 1490800 2275325 ;
POLYGON 4135700 3287700 4169000 3287700 4169000 3352300 4135700 3352300 4135700 3287700 ;
POLYGON 862100 1534700 895400 1534700 895400 1599300 862100 1599300 862100 1534700 ;
POLYGON 541500 3352300 508200 3352300 508200 3287700 541500 3287700 541500 3352300 ;
POLYGON 4135700 2332700 4169000 2332700 4169000 2397300 4135700 2397300 4135700 2332700 ;
POLYGON 983700 1599300 950400 1599300 950400 1534700 983700 1534700 983700 1599300 ;
HOLE 2240000 147950 2240000 48150 2176000 48150 2176000 147950 2240000 147950 ;
POLYGON 2912900 1091070 2879600 1091070 2879600 1026470 2912900 1026470 2912900 1091070 ;
HOLE 2941900 1155770 2941900 961770 2762300 961770 2762300 1155770 2941900 1155770 ;
POLYGON 26000 2714700 59300 2714700 59300 2779300 26000 2779300 26000 2714700 ;
HOLE 2091500 961770 2091500 1155770 2271100 1155770 2271100 961770 2091500 961770 ;
POLYGON 2153800 1091070 2120500 1091070 2120500 1026470 2153800 1026470 2153800 1091070 ;
HOLE 2044300 2210625 2044300 2404625 2223900 2404625 2223900 2210625 2044300 2210625 ;
POLYGON 2073300 2275325 2106600 2275325 2106600 2339925 2073300 2339925 2073300 2275325 ;
HOLE 1820700 2404625 2000300 2404625 2000300 2210625 1820700 2210625 1820700 2404625 ;
POLYGON 1849700 2339925 1849700 2275325 1883000 2275325 1883000 2339925 1849700 2339925 ;
POLYGON 1761600 1026470 1794900 1026470 1794900 1091070 1761600 1091070 1761600 1026470 ;
POLYGON 2739200 2811715 2705900 2811715 2705900 2747115 2739200 2747115 2739200 2811715 ;
POLYGON 59300 2970300 26000 2970300 26000 2905700 59300 2905700 59300 2970300 ;
POLYGON 1227300 3352300 1194000 3352300 1194000 3287700 1227300 3287700 1227300 3352300 ;
POLYGON 2934500 3287700 2967800 3287700 2967800 3352300 2934500 3352300 2934500 3287700 ;
POLYGON 4169000 2206300 4135700 2206300 4135700 2141700 4169000 2141700 4169000 2206300 ;
HOLE 3565500 2404625 3565500 2210625 3385900 2210625 3385900 2404625 3565500 2404625 ;
POLYGON 3414900 2275325 3448200 2275325 3448200 2339925 3414900 2339925 3414900 2275325 ;
POLYGON 998700 3352300 965400 3352300 965400 3287700 998700 3287700 998700 3352300 ;
POLYGON 2194900 2339925 2161600 2339925 2161600 2275325 2194900 2275325 2194900 2339925 ;
POLYGON 3536500 2275325 3536500 2339925 3503200 2339925 3503200 2275325 3536500 2275325 ;
POLYGON 3480000 3352300 3480000 3287700 3513300 3287700 3513300 3352300 3480000 3352300 ;
POLYGON 191300 1534700 224600 1534700 224600 1599300 191300 1599300 191300 1534700 ;
HOLE 1867900 961770 1867900 1155770 2047500 1155770 2047500 961770 1867900 961770 ;
POLYGON 1896900 1026470 1930200 1026470 1930200 1091070 1896900 1091070 1896900 1026470 ;
POLYGON 1334300 2747115 1367600 2747115 1367600 2811715 1334300 2811715 1334300 2747115 ;
POLYGON 2739200 3352300 2705900 3352300 2705900 3287700 2739200 3287700 2739200 3352300 ;
POLYGON 26000 3287700 59300 3287700 59300 3352300 26000 3352300 26000 3287700 ;
HOLE 1737000 348150 1737000 447950 1801000 447950 1801000 348150 1737000 348150 ;
HOLE 3118300 2404625 3118300 2210625 2938700 2210625 2938700 2404625 3118300 2404625 ;
POLYGON 3001000 2339925 2967700 2339925 2967700 2275325 3001000 2275325 3001000 2339925 ;
HOLE 3169000 49590 3169000 149390 3232000 149390 3232000 49590 3169000 49590 ;
POLYGON 2565600 3287700 2598900 3287700 2598900 3352300 2565600 3352300 2565600 3287700 ;
HOLE 658700 2404625 658700 2210625 479100 2210625 479100 2404625 658700 2404625 ;
POLYGON 629700 2339925 596400 2339925 596400 2275325 629700 2275325 629700 2339925 ;
POLYGON 2744100 2275325 2777400 2275325 2777400 2339925 2744100 2339925 2744100 2275325 ;
HOLE 2219700 2876415 2399300 2876415 2399300 2682415 2219700 2682415 2219700 2876415 ;
POLYGON 2248700 2747115 2282000 2747115 2282000 2811715 2248700 2811715 2248700 2747115 ;
POLYGON 26000 3096700 59300 3096700 59300 3161300 26000 3161300 26000 3096700 ;
HOLE 3389100 1155770 3389100 961770 3209500 961770 3209500 1155770 3389100 1155770 ;
POLYGON 3360100 1091070 3326800 1091070 3326800 1026470 3360100 1026470 3360100 1091070 ;
POLYGON 59300 2588300 26000 2588300 26000 2523700 59300 2523700 59300 2588300 ;
POLYGON 4169000 2015300 4135700 2015300 4135700 1950700 4169000 1950700 4169000 2015300 ;
HOLE 2044300 1572315 2044300 1766315 2223900 1766315 2223900 1572315 2044300 1572315 ;
POLYGON 2161600 1637015 2194900 1637015 2194900 1701615 2161600 1701615 2161600 1637015 ;
POLYGON 1913100 3352300 1879800 3352300 1879800 3287700 1913100 3287700 1913100 3352300 ;
POLYGON 1714400 2275325 1747700 2275325 1747700 2339925 1714400 2339925 1714400 2275325 ;
POLYGON 3191300 2275325 3224600 2275325 3224600 2339925 3191300 2339925 3191300 2275325 ;
POLYGON 541400 2339925 508100 2339925 508100 2275325 541400 2275325 541400 2339925 ;
POLYGON 4135700 2714700 4169000 2714700 4169000 2779300 4135700 2779300 4135700 2714700 ;
POLYGON 1105700 3352300 1105700 3287700 1139000 3287700 1139000 3352300 1105700 3352300 ;
POLYGON 3620300 3287700 3653600 3287700 3653600 3352300 3620300 3352300 3620300 3287700 ;
POLYGON 3056000 2275325 3089300 2275325 3089300 2339925 3056000 2339925 3056000 2275325 ;
HOLE 2834000 149390 2834000 49590 2771000 49590 2771000 149390 2834000 149390 ;
POLYGON 279600 3287700 312900 3287700 312900 3352300 279600 3352300 279600 3287700 ;
POLYGON 648500 3287700 681800 3287700 681800 3352300 648500 3352300 648500 3287700 ;
POLYGON 2141700 3287700 2141700 3352300 2108400 3352300 2108400 3287700 2141700 3287700 ;
HOLE 882300 2404625 882300 2210625 702700 2210625 702700 2404625 882300 2404625 ;
POLYGON 765000 2339925 731700 2339925 731700 2275325 765000 2275325 765000 2339925 ;
POLYGON 3671800 2339925 3638500 2339925 3638500 2275325 3671800 2275325 3671800 2339925 ;
POLYGON 3163100 3287700 3196400 3287700 3196400 3352300 3163100 3352300 3163100 3287700 ;
HOLE 2985900 961770 2985900 1155770 3165500 1155770 3165500 961770 2985900 961770 ;
POLYGON 3136500 1091070 3103200 1091070 3103200 1026470 3136500 1026470 3136500 1091070 ;
POLYGON 3983700 2275325 3983700 2339925 3950400 2339925 3950400 2275325 3983700 2275325 ;
POLYGON 59300 1981300 26000 1981300 26000 1916700 59300 1916700 59300 1981300 ;
POLYGON 4169000 1824300 4135700 1824300 4135700 1759700 4169000 1759700 4169000 1824300 ;
POLYGON 1178900 2275325 1212200 2275325 1212200 2339925 1178900 2339925 1178900 2275325 ;
POLYGON 3848900 3352300 3848900 3287700 3882200 3287700 3882200 3352300 3848900 3352300 ;
HOLE 2375000 49590 2375000 149390 2438000 149390 2438000 49590 2375000 49590 ;
POLYGON 2791300 1091070 2791300 1026470 2824600 1026470 2824600 1091070 2791300 1091070 ;
POLYGON 1879800 2747115 1913100 2747115 1913100 2811715 1879800 2811715 1879800 2747115 ;
POLYGON 191300 3287700 224600 3287700 224600 3352300 191300 3352300 191300 3287700 ;
POLYGON 2377400 1091070 2344100 1091070 2344100 1026470 2377400 1026470 2377400 1091070 ;
POLYGON 453200 3352300 419900 3352300 419900 3287700 453200 3287700 453200 3352300 ;
POLYGON 2520500 1637015 2553800 1637015 2553800 1701615 2520500 1701615 2520500 1637015 ;
POLYGON 2073300 1637015 2106600 1637015 2106600 1701615 2073300 1701615 2073300 1637015 ;
POLYGON 1334300 3352300 1334300 3287700 1367600 3287700 1367600 3352300 1334300 3352300 ;
POLYGON 770100 3352300 736800 3352300 736800 3287700 770100 3287700 770100 3352300 ;
HOLE 2870000 49590 2870000 149390 2933000 149390 2933000 49590 2870000 49590 ;
POLYGON 2242100 1026470 2242100 1091070 2208800 1091070 2208800 1026470 2242100 1026470 ;
HOLE 2130000 147950 2130000 48150 2066000 48150 2066000 147950 2130000 147950 ;
POLYGON 3014900 1026470 3048200 1026470 3048200 1091070 3014900 1091070 3014900 1026470 ;
POLYGON 3271800 1091070 3238500 1091070 3238500 1026470 3271800 1026470 3271800 1091070 ;
POLYGON 1938000 2339925 1938000 2275325 1971300 2275325 1971300 2339925 1938000 2339925 ;
POLYGON 1684500 3352300 1651200 3352300 1651200 3287700 1684500 3287700 1684500 3352300 ;
HOLE 3432000 149390 3432000 49590 3368000 49590 3368000 149390 3432000 149390 ;
POLYGON 3425000 3352300 3391700 3352300 3391700 3287700 3425000 3287700 3425000 3352300 ;
HOLE 3433100 961770 3433100 1155770 3612700 1155770 3612700 961770 3433100 961770 ;
POLYGON 3462100 1026470 3495400 1026470 3495400 1091070 3462100 1091070 3462100 1026470 ;
POLYGON 1791500 3287700 1824800 3287700 1824800 3352300 1791500 3352300 1791500 3287700 ;
POLYGON 1985200 1026470 2018500 1026470 2018500 1091070 1985200 1091070 1985200 1026470 ;
HOLE 3133000 149390 3133000 49590 3069000 49590 3069000 149390 3133000 149390 ;
HOLE 2573000 49590 2573000 149390 2636000 149390 2636000 49590 2573000 49590 ;
POLYGON 4169000 2588300 4135700 2588300 4135700 2523700 4169000 2523700 4169000 2588300 ;
POLYGON 4169000 3161300 4135700 3161300 4135700 3096700 4169000 3096700 4169000 3161300 ;
POLYGON 760100 1599300 726800 1599300 726800 1534700 760100 1534700 760100 1599300 ;
POLYGON 1422600 3287700 1455900 3287700 1455900 3352300 1422600 3352300 1422600 3287700 ;
POLYGON 59300 2298700 59300 2363300 26000 2363300 26000 2298700 59300 2298700 ;
POLYGON 3583700 1091070 3550400 1091070 3550400 1026470 3583700 1026470 3583700 1091070 ;
POLYGON 2296900 2275325 2330200 2275325 2330200 2339925 2296900 2339925 2296900 2275325 ;
POLYGON 2601000 1091070 2567700 1091070 2567700 1026470 2601000 1026470 2601000 1091070 ;
POLYGON 2510600 3352300 2477300 3352300 2477300 3287700 2510600 3287700 2510600 3352300 ;
POLYGON 2370300 3352300 2337000 3352300 2337000 3287700 2370300 3287700 2370300 3352300 ;
HOLE 1473000 447950 1473000 348150 1410000 348150 1410000 447950 1473000 447950 ;
POLYGON 2370300 2811715 2337000 2811715 2337000 2747115 2370300 2747115 2370300 2811715 ;
POLYGON 820000 2275325 853300 2275325 853300 2339925 820000 2339925 820000 2275325 ;
HOLE 1083000 48150 1083000 147950 1146000 147950 1146000 48150 1083000 48150 ;
HOLE 3332000 149390 3332000 49590 3268000 49590 3268000 149390 3332000 149390 ;
HOLE 1301000 348150 1301000 447950 1364000 447950 1364000 348150 1301000 348150 ;
HOLE 1255000 147950 1255000 48150 1192000 48150 1192000 147950 1255000 147950 ;
HOLE 1519000 348150 1519000 447950 1582000 447950 1582000 348150 1519000 348150 ;
POLYGON 910400 3352300 877100 3352300 877100 3287700 910400 3287700 910400 3352300 ;
HOLE 1847000 348150 1847000 447950 1911000 447950 1911000 348150 1847000 348150 ;
HOLE 2276000 48150 2276000 147950 2339000 147950 2339000 48150 2276000 48150 ;
HOLE 2672000 49590 2672000 149390 2735000 149390 2735000 49590 2672000 49590 ;
POLYGON 2520500 2275325 2553800 2275325 2553800 2339925 2520500 2339925 2520500 2275325 ;
HOLE 1628000 348150 1628000 447950 1691000 447950 1691000 348150 1628000 348150 ;
HOLE 2537000 149390 2537000 49590 2474000 49590 2474000 149390 2537000 149390 ;
HOLE 3033000 149390 3033000 49590 2969000 49590 2969000 149390 3033000 149390 ;
POLYGON 120000 805000 120000 800000 124500 800000 124500 800500 120500 800500 120500 804500 124500 804500 124500 800500 125000 800500 125000 805000 120000 805000 ;
POLYGON 123000 802000 123000 803000 122000 803000 122000 802000 123000 802000 ;
POLYGON 135000 805000 135000 800000 139500 800000 139500 800500 135500 800500 135500 804500 139500 804500 139500 800500 140000 800500 140000 805000 135000 805000 ;
POLYGON 138000 802000 138000 803000 137000 803000 137000 802000 138000 802000 ;
POLYGON 150000 805000 150000 800000 154500 800000 154500 800500 150500 800500 150500 804500 154500 804500 154500 800500 155000 800500 155000 805000 150000 805000 ;
POLYGON 153000 802000 153000 803000 152000 803000 152000 802000 153000 802000 ;
POLYGON 165000 805000 165000 800000 169500 800000 169500 800500 165500 800500 165500 804500 169500 804500 169500 800500 170000 800500 170000 805000 165000 805000 ;
POLYGON 168000 802000 168000 803000 167000 803000 167000 802000 168000 802000 ;
POLYGON 180000 805000 180000 800000 184500 800000 184500 800500 180500 800500 180500 804500 184500 804500 184500 800500 185000 800500 185000 805000 180000 805000 ;
POLYGON 183000 802000 183000 803000 182000 803000 182000 802000 183000 802000 ;
POLYGON 195000 805000 195000 800000 199500 800000 199500 800500 195500 800500 195500 804500 199500 804500 199500 800500 200000 800500 200000 805000 195000 805000 ;
POLYGON 198000 802000 198000 803000 197000 803000 197000 802000 198000 802000 ;
POLYGON 210000 805000 210000 800000 214500 800000 214500 800500 210500 800500 210500 804500 214500 804500 214500 800500 215000 800500 215000 805000 210000 805000 ;
POLYGON 213000 802000 213000 803000 212000 803000 212000 802000 213000 802000 ;
POLYGON 225000 805000 225000 800000 229500 800000 229500 800500 225500 800500 225500 804500 229500 804500 229500 800500 230000 800500 230000 805000 225000 805000 ;
POLYGON 228000 802000 228000 803000 227000 803000 227000 802000 228000 802000 ;
POLYGON 240000 805000 240000 800000 244500 800000 244500 800500 240500 800500 240500 804500 244500 804500 244500 800500 245000 800500 245000 805000 240000 805000 ;
POLYGON 243000 802000 243000 803000 242000 803000 242000 802000 243000 802000 ;
POLYGON 255000 805000 255000 800000 259500 800000 259500 800500 255500 800500 255500 804500 259500 804500 259500 800500 260000 800500 260000 805000 255000 805000 ;
POLYGON 258000 802000 258000 803000 257000 803000 257000 802000 258000 802000 ;
POLYGON 270000 805000 270000 800000 274500 800000 274500 800500 270500 800500 270500 804500 274500 804500 274500 800500 275000 800500 275000 805000 270000 805000 ;
POLYGON 273000 802000 273000 803000 272000 803000 272000 802000 273000 802000 ;
POLYGON 285000 805000 285000 800000 289500 800000 289500 800500 285500 800500 285500 804500 289500 804500 289500 800500 290000 800500 290000 805000 285000 805000 ;
POLYGON 288000 802000 288000 803000 287000 803000 287000 802000 288000 802000 ;
POLYGON 300000 805000 300000 800000 304500 800000 304500 800500 300500 800500 300500 804500 304500 804500 304500 800500 305000 800500 305000 805000 300000 805000 ;
POLYGON 303000 802000 303000 803000 302000 803000 302000 802000 303000 802000 ;
POLYGON 315000 805000 315000 800000 319500 800000 319500 800500 315500 800500 315500 804500 319500 804500 319500 800500 320000 800500 320000 805000 315000 805000 ;
POLYGON 318000 802000 318000 803000 317000 803000 317000 802000 318000 802000 ;
POLYGON 330000 805000 330000 800000 334500 800000 334500 800500 330500 800500 330500 804500 334500 804500 334500 800500 335000 800500 335000 805000 330000 805000 ;
POLYGON 333000 802000 333000 803000 332000 803000 332000 802000 333000 802000 ;
POLYGON 345000 805000 345000 800000 349500 800000 349500 800500 345500 800500 345500 804500 349500 804500 349500 800500 350000 800500 350000 805000 345000 805000 ;
POLYGON 348000 802000 348000 803000 347000 803000 347000 802000 348000 802000 ;
POLYGON 360000 805000 360000 800000 364500 800000 364500 800500 360500 800500 360500 804500 364500 804500 364500 800500 365000 800500 365000 805000 360000 805000 ;
POLYGON 363000 802000 363000 803000 362000 803000 362000 802000 363000 802000 ;
POLYGON 375000 805000 375000 800000 379500 800000 379500 800500 375500 800500 375500 804500 379500 804500 379500 800500 380000 800500 380000 805000 375000 805000 ;
POLYGON 378000 802000 378000 803000 377000 803000 377000 802000 378000 802000 ;
POLYGON 390000 805000 390000 800000 394500 800000 394500 800500 390500 800500 390500 804500 394500 804500 394500 800500 395000 800500 395000 805000 390000 805000 ;
POLYGON 393000 802000 393000 803000 392000 803000 392000 802000 393000 802000 ;
POLYGON 405000 805000 405000 800000 409500 800000 409500 800500 405500 800500 405500 804500 409500 804500 409500 800500 410000 800500 410000 805000 405000 805000 ;
POLYGON 408000 802000 408000 803000 407000 803000 407000 802000 408000 802000 ;
POLYGON 420000 805000 420000 800000 424500 800000 424500 800500 420500 800500 420500 804500 424500 804500 424500 800500 425000 800500 425000 805000 420000 805000 ;
POLYGON 423000 802000 423000 803000 422000 803000 422000 802000 423000 802000 ;
POLYGON 435000 805000 435000 800000 439500 800000 439500 800500 435500 800500 435500 804500 439500 804500 439500 800500 440000 800500 440000 805000 435000 805000 ;
POLYGON 438000 802000 438000 803000 437000 803000 437000 802000 438000 802000 ;
POLYGON 450000 805000 450000 800000 454500 800000 454500 800500 450500 800500 450500 804500 454500 804500 454500 800500 455000 800500 455000 805000 450000 805000 ;
POLYGON 453000 802000 453000 803000 452000 803000 452000 802000 453000 802000 ;
POLYGON 465000 805000 465000 800000 469500 800000 469500 800500 465500 800500 465500 804500 469500 804500 469500 800500 470000 800500 470000 805000 465000 805000 ;
POLYGON 468000 802000 468000 803000 467000 803000 467000 802000 468000 802000 ;
POLYGON 480000 805000 480000 800000 484500 800000 484500 800500 480500 800500 480500 804500 484500 804500 484500 800500 485000 800500 485000 805000 480000 805000 ;
POLYGON 483000 802000 483000 803000 482000 803000 482000 802000 483000 802000 ;
POLYGON 495000 805000 495000 800000 499500 800000 499500 800500 495500 800500 495500 804500 499500 804500 499500 800500 500000 800500 500000 805000 495000 805000 ;
POLYGON 498000 802000 498000 803000 497000 803000 497000 802000 498000 802000 ;
POLYGON 510000 805000 510000 800000 514500 800000 514500 800500 510500 800500 510500 804500 514500 804500 514500 800500 515000 800500 515000 805000 510000 805000 ;
POLYGON 513000 802000 513000 803000 512000 803000 512000 802000 513000 802000 ;
POLYGON 525000 805000 525000 800000 529500 800000 529500 800500 525500 800500 525500 804500 529500 804500 529500 800500 530000 800500 530000 805000 525000 805000 ;
POLYGON 528000 802000 528000 803000 527000 803000 527000 802000 528000 802000 ;
POLYGON 540000 805000 540000 800000 544500 800000 544500 800500 540500 800500 540500 804500 544500 804500 544500 800500 545000 800500 545000 805000 540000 805000 ;
POLYGON 543000 802000 543000 803000 542000 803000 542000 802000 543000 802000 ;
POLYGON 555000 805000 555000 800000 559500 800000 559500 800500 555500 800500 555500 804500 559500 804500 559500 800500 560000 800500 560000 805000 555000 805000 ;
POLYGON 558000 802000 558000 803000 557000 803000 557000 802000 558000 802000 ;
END DATA
