OPERATION X1 ;

DATA MERGE X1 ;
POLYGON 0 0 0 537000 289940 537000 289940 602700 0 602700 0 0 0 0 ;
POLYGON 1850800 3318000 1850800 3226000 1827800 3226000 1827800 3318000 1824800 3318000 1824800 3352300 1791500 3352300 1791500 3318000 1788500 3318000 1788500 3226000 1765500 3226000 1765500 3318000 1762500 3318000 1762500 3412800 1713500 3412800 1713500 3223000 1622200 3223000 1622200 3226000 1599200 3226000 1599200 3318000 1596200 3318000 1596200 3352300 1562900 3352300 1562900 3318000 1559900 3318000 1559900 3226000 1536900 3226000 1536900 3318000 1533900 3318000 1533900 3412800 1484900 3412800 1484900 3318000 1481900 3318000 1481900 3226000 1458900 3226000 1458900 3318000 1455900 3318000 1455900 3352300 1422600 3352300 1422600 3318000 1419600 3318000 1419600 3226000 1396600 3226000 1396600 3223000 1367600 3223000 1367600 3352300 1334300 3352300 1334300 3318000 1331300 3318000 1331300 3226000 1308300 3226000 1308300 3318000 1305300 3318000 1305300 3412800 1256300 3412800 1256300 3223000 1165000 3223000 1165000 3226000 1142000 3226000 1142000 3318000 1139000 3318000 1139000 3352300 1105700 3352300 1105700 3318000 1102700 3318000 1102700 3226000 1079700 3226000 1079700 3318000 1076700 3318000 1076700 3412800 1027700 3412800 1027700 3318000 1024700 3318000 1024700 3226000 1001700 3226000 1001700 3318000 998700 3318000 998700 3352300 965400 3352300 965400 3318000 962400 3318000 962400 3226000 939400 3226000 939400 3223000 910400 3223000 910400 3352300 877100 3352300 877100 3318000 874100 3318000 874100 3226000 851100 3226000 851100 3318000 848100 3318000 848100 3412800 799100 3412800 799100 3318000 796100 3318000 796100 3226000 773100 3226000 773100 3318000 770100 3318000 770100 3352300 736800 3352300 736800 3318000 733800 3318000 733800 3226000 710800 3226000 710800 3223000 645500 3223000 645500 3287700 681800 3287700 681800 3352300 648500 3352300 648500 3318000 645500 3318000 645500 3226000 622500 3226000 622500 3318000 619500 3318000 619500 3412800 570500 3412800 570500 3318000 567500 3318000 567500 3226000 544500 3226000 544500 3223000 453200 3223000 453200 3352300 419900 3352300 419900 3318000 416900 3318000 416900 3226000 393900 3226000 393900 3318000 390900 3318000 390900 3412800 341900 3412800 341900 3318000 338900 3318000 338900 3226000 315900 3226000 315900 3223000 250600 3223000 250600 3226000 227600 3226000 227600 3318000 224600 3318000 224600 3352300 191300 3352300 191300 3318000 188300 3318000 188300 3226000 165300 3226000 165300 3318000 162300 3318000 162300 3412800 88300 3412800 88300 3127000 85300 3127000 85300 3035000 88300 3035000 88300 2745000 85300 2745000 85300 2653000 62300 2653000 62300 2650000 26000 2650000 26000 2459000 1120 2459000 1120 2428000 26000 2428000 26000 2298700 59300 2298700 59300 2333000 62300 2333000 62300 2425000 85300 2425000 85300 2333000 88300 2333000 88300 2138000 85300 2138000 85300 2046000 62300 2046000 62300 2138000 59300 2138000 59300 2172300 26000 2172300 26000 2046000 62300 2046000 62300 1981300 26000 1981300 26000 1916700 62300 1916700 62300 1948000 85300 1948000 85300 1855000 88300 1855000 88300 1474500 162300 1474500 162300 1664000 191300 1664000 191300 1534700 224600 1534700 224600 1664000 279600 1664000 279600 1534700 312900 1534700 312900 1569000 315900 1569000 315900 1661000 338900 1661000 338900 1569000 341900 1569000 341900 1474500 385900 1474500 385900 1569000 388900 1569000 388900 1661000 411900 1661000 411900 1569000 414900 1569000 414900 1534700 448200 1534700 448200 1569000 451200 1569000 451200 1661000 474200 1661000 474200 1569000 477200 1569000 477200 1661000 500200 1661000 500200 1569000 503200 1569000 503200 1534700 536500 1534700 536500 1569000 539500 1569000 539500 1661000 562500 1661000 562500 1569000 565500 1569000 565500 1474500 609500 1474500 609500 1664000 638500 1664000 638500 1534700 671800 1534700 671800 1569000 674800 1569000 674800 1661000 697800 1661000 697800 1664000 726800 1664000 726800 1534700 760100 1534700 760100 1664000 789100 1664000 789100 1474500 833100 1474500 833100 1664000 862100 1664000 862100 1534700 895400 1534700 895400 1569000 898400 1569000 898400 1661000 921400 1661000 921400 1664000 1012700 1664000 1012700 1474500 1036000 1474500 1036000 1076150 1097000 1076150 1097000 291750 1066000 291750 1066000 195950 1066000 193950 1036000 193950 1036000 1000 4193980 1000 4193980 1122000 4169000 1122000 4169000 1251300 4135700 1251300 4135700 1217000 4132700 1217000 4132700 1125000 4109700 1125000 4109700 1217000 4106700 1217000 4106700 1412000 4109700 1412000 4109700 1504000 4132700 1504000 4132700 1412000 4135700 1412000 4135700 1377700 4169000 1377700 4169000 2015300 4135700 2015300 4135700 1981000 4132700 1981000 4132700 1889000 4109700 1889000 4109700 1981000 4106700 1981000 4106700 2080000 4132700 2080000 4132700 2141700 4169000 2141700 4169000 2268000 4132700 2268000 4132700 2332700 4169000 2332700 4169000 2459000 4135700 2459000 4135700 2363000 4132700 2363000 4132700 2271000 4109700 2271000 4109700 2363000 4106700 2363000 4106700 2462000 4132700 2462000 4132700 2523700 4169000 2523700 4169000 2588300 4132700 2588300 4132700 2557000 4109700 2557000 4109700 2650000 4132700 2650000 4132700 2714700 4169000 2714700 4169000 2779300 4132700 2779300 4132700 2748000 4109700 2748000 4109700 2841000 4132700 2841000 4132700 2844000 4169000 2844000 4169000 2970300 4132700 2970300 4132700 2939000 4109700 2939000 4109700 3032000 4132700 3032000 4132700 3035000 4169000 3035000 4169000 3223000 4106700 3223000 4106700 3412800 3999500 3412800 3999500 3223000 3970500 3223000 3970500 3352300 3937200 3352300 3937200 3223000 3908200 3223000 3908200 3226000 3885200 3226000 3885200 3318000 3882200 3318000 3882200 3352300 3848900 3352300 3848900 3318000 3845900 3318000 3845900 3226000 3822900 3226000 3822900 3318000 3819900 3318000 3819900 3412800 3770900 3412800 3770900 3318000 3767900 3318000 3767900 3226000 3744900 3226000 3744900 3223000 3679600 3223000 3679600 3226000 3656600 3226000 3656600 3318000 3653600 3318000 3653600 3352300 3620300 3352300 3620300 3318000 3617300 3318000 3617300 3226000 3594300 3226000 3594300 3318000 3591300 3318000 3591300 3412800 3542300 3412800 3542300 3223000 3451000 3223000 3451000 3226000 3428000 3226000 3428000 3318000 3425000 3318000 3425000 3352300 3391700 3352300 3391700 3318000 3388700 3318000 3388700 3226000 3365700 3226000 3365700 3318000 3362700 3318000 3362700 3412800 3313700 3412800 3313700 3223000 3248400 3223000 3248400 3287700 3284700 3287700 3284700 3352300 3251400 3352300 3251400 3318000 3248400 3318000 3248400 3226000 3225400 3226000 3225400 3223000 3160100 3223000 3160100 3287700 3196400 3287700 3196400 3352300 3163100 3352300 3163100 3318000 3160100 3318000 3160100 3226000 3137100 3226000 3137100 3318000 3134100 3318000 3134100 3412800 3085100 3412800 3085100 3318000 3082100 3318000 3082100 3226000 3059100 3226000 3059100 3318000 3056100 3318000 3056100 3352300 3022800 3352300 3022800 3223000 2905500 3223000 2905500 3412800 2856500 3412800 2856500 3318000 2853500 3318000 2853500 3226000 2830500 3226000 2830500 3318000 2827500 3318000 2827500 3352300 2794200 3352300 2794200 3318000 2791200 3318000 2791200 3226000 2768200 3226000 2768200 3223000 2739200 3223000 2739200 3352300 2705900 3352300 2705900 3318000 2702900 3318000 2702900 3226000 2679900 3226000 2679900 3318000 2676900 3318000 2676900 3412800 2627900 3412800 2627900 3318000 2624900 3318000 2624900 3226000 2601900 3226000 2601900 3223000 2536600 3223000 2536600 3226000 2513600 3226000 2513600 3318000 2510600 3318000 2510600 3352300 2477300 3352300 2477300 3318000 2474300 3318000 2474300 3226000 2451300 3226000 2451300 3318000 2448300 3318000 2448300 3412800 2399300 3412800 2399300 3318000 2396300 3318000 2396300 3226000 2373300 3226000 2373300 3318000 2370300 3318000 2370300 3352300 2337000 3352300 2337000 3223000 2245700 3223000 2245700 3287700 2282000 3287700 2282000 3352300 2248700 3352300 2248700 3318000 2245700 3318000 2245700 3226000 2222700 3226000 2222700 3318000 2219700 3318000 2219700 3412800 2170700 3412800 2170700 3223000 2141700 3223000 2141700 3352300 2108400 3352300 2108400 3318000 2105400 3318000 2105400 3226000 2082400 3226000 2082400 3223000 2017100 3223000 2017100 3287700 2053400 3287700 2053400 3352300 2020100 3352300 2020100 3318000 2017100 3318000 2017100 3226000 1994100 3226000 1994100 3318000 1991100 3318000 1991100 3412800 1942100 3412800 1942100 3318000 1939100 3318000 1939100 3226000 1916100 3226000 1916100 3318000 1913100 3318000 1913100 3352300 1879800 3352300 1879800 3318000 1876800 3318000 1876800 3226000 1853800 3226000 1853800 3318000 1850800 3318000 ;
POLYGON 3744900 3287700 3744900 3318000 3741900 3318000 3741900 3352300 3708600 3352300 3708600 3287700 3744900 3287700 ;
POLYGON 62300 3096700 62300 3127000 59300 3127000 59300 3161300 26000 3161300 26000 3096700 62300 3096700 ;
POLYGON 2601900 3287700 2601900 3318000 2598900 3318000 2598900 3352300 2565600 3352300 2565600 3287700 2601900 3287700 ;
POLYGON 544500 3287700 544500 3318000 541500 3318000 541500 3352300 508200 3352300 508200 3287700 544500 3287700 ;
POLYGON 315900 3287700 315900 3318000 312900 3318000 312900 3352300 279600 3352300 279600 3287700 315900 3287700 ;
POLYGON 62300 2714700 62300 2745000 59300 2745000 59300 2779300 26000 2779300 26000 2714700 62300 2714700 ;
POLYGON 26000 1534700 59300 1534700 59300 1599300 26000 1599300 26000 1534700 ;
POLYGON 59300 1852000 26000 1852000 26000 1793300 26000 1725700 59300 1725700 59300 1852000 ;
POLYGON 4135700 3287700 4169000 3287700 4169000 3352300 4135700 3352300 4135700 3287700 ;
POLYGON 983700 1599300 950400 1599300 950400 1534700 983700 1534700 983700 1599300 ;
POLYGON 59300 3032000 26000 3032000 26000 2973300 26000 2905700 59300 2905700 59300 3032000 ;
POLYGON 1227300 3352300 1194000 3352300 1194000 3287700 1227300 3287700 1227300 3352300 ;
POLYGON 2934500 3287700 2967800 3287700 2967800 3352300 2934500 3352300 2934500 3287700 ;
POLYGON 3480000 3352300 3480000 3287700 3513300 3287700 3513300 3352300 3480000 3352300 ;
POLYGON 26000 3287700 59300 3287700 59300 3352300 26000 3352300 26000 3287700 ;
POLYGON 1684500 3352300 1651200 3352300 1651200 3287700 1684500 3287700 1684500 3352300 ;
POLYGON 555000 805000 555000 800000 559500 800000 559500 800500 555500 800500 555500 804500 559500 804500 559500 800500 560000 800500 560000 805000 555000 805000 ;
POLYGON 558000 802000 558000 803000 557000 803000 557000 802000 558000 802000 ;
POLYGON 120000 805000 120000 800000 124500 800000 124500 800500 120500 800500 120500 804500 124500 804500 124500 800500 125000 800500 125000 805000 120000 805000 ;
POLYGON 123000 802000 123000 803000 122000 803000 122000 802000 123000 802000 ;
POLYGON 135000 805000 135000 800000 139500 800000 139500 800500 135500 800500 135500 804500 139500 804500 139500 800500 140000 800500 140000 805000 135000 805000 ;
POLYGON 138000 802000 138000 803000 137000 803000 137000 802000 138000 802000 ;
POLYGON 150000 805000 150000 800000 154500 800000 154500 800500 150500 800500 150500 804500 154500 804500 154500 800500 155000 800500 155000 805000 150000 805000 ;
POLYGON 153000 802000 153000 803000 152000 803000 152000 802000 153000 802000 ;
POLYGON 165000 805000 165000 800000 169500 800000 169500 800500 165500 800500 165500 804500 169500 804500 169500 800500 170000 800500 170000 805000 165000 805000 ;
POLYGON 168000 802000 168000 803000 167000 803000 167000 802000 168000 802000 ;
POLYGON 180000 805000 180000 800000 184500 800000 184500 800500 180500 800500 180500 804500 184500 804500 184500 800500 185000 800500 185000 805000 180000 805000 ;
POLYGON 183000 802000 183000 803000 182000 803000 182000 802000 183000 802000 ;
POLYGON 195000 805000 195000 800000 199500 800000 199500 800500 195500 800500 195500 804500 199500 804500 199500 800500 200000 800500 200000 805000 195000 805000 ;
POLYGON 198000 802000 198000 803000 197000 803000 197000 802000 198000 802000 ;
POLYGON 210000 805000 210000 800000 214500 800000 214500 800500 210500 800500 210500 804500 214500 804500 214500 800500 215000 800500 215000 805000 210000 805000 ;
POLYGON 213000 802000 213000 803000 212000 803000 212000 802000 213000 802000 ;
POLYGON 225000 805000 225000 800000 229500 800000 229500 800500 225500 800500 225500 804500 229500 804500 229500 800500 230000 800500 230000 805000 225000 805000 ;
POLYGON 228000 802000 228000 803000 227000 803000 227000 802000 228000 802000 ;
POLYGON 240000 805000 240000 800000 244500 800000 244500 800500 240500 800500 240500 804500 244500 804500 244500 800500 245000 800500 245000 805000 240000 805000 ;
POLYGON 243000 802000 243000 803000 242000 803000 242000 802000 243000 802000 ;
POLYGON 255000 805000 255000 800000 259500 800000 259500 800500 255500 800500 255500 804500 259500 804500 259500 800500 260000 800500 260000 805000 255000 805000 ;
POLYGON 258000 802000 258000 803000 257000 803000 257000 802000 258000 802000 ;
POLYGON 270000 805000 270000 800000 274500 800000 274500 800500 270500 800500 270500 804500 274500 804500 274500 800500 275000 800500 275000 805000 270000 805000 ;
POLYGON 273000 802000 273000 803000 272000 803000 272000 802000 273000 802000 ;
POLYGON 285000 805000 285000 800000 289500 800000 289500 800500 285500 800500 285500 804500 289500 804500 289500 800500 290000 800500 290000 805000 285000 805000 ;
POLYGON 288000 802000 288000 803000 287000 803000 287000 802000 288000 802000 ;
POLYGON 300000 805000 300000 800000 304500 800000 304500 800500 300500 800500 300500 804500 304500 804500 304500 800500 305000 800500 305000 805000 300000 805000 ;
POLYGON 303000 802000 303000 803000 302000 803000 302000 802000 303000 802000 ;
POLYGON 315000 805000 315000 800000 319500 800000 319500 800500 315500 800500 315500 804500 319500 804500 319500 800500 320000 800500 320000 805000 315000 805000 ;
POLYGON 318000 802000 318000 803000 317000 803000 317000 802000 318000 802000 ;
POLYGON 330000 805000 330000 800000 334500 800000 334500 800500 330500 800500 330500 804500 334500 804500 334500 800500 335000 800500 335000 805000 330000 805000 ;
POLYGON 333000 802000 333000 803000 332000 803000 332000 802000 333000 802000 ;
POLYGON 345000 805000 345000 800000 349500 800000 349500 800500 345500 800500 345500 804500 349500 804500 349500 800500 350000 800500 350000 805000 345000 805000 ;
POLYGON 348000 802000 348000 803000 347000 803000 347000 802000 348000 802000 ;
POLYGON 360000 805000 360000 800000 364500 800000 364500 800500 360500 800500 360500 804500 364500 804500 364500 800500 365000 800500 365000 805000 360000 805000 ;
POLYGON 363000 802000 363000 803000 362000 803000 362000 802000 363000 802000 ;
POLYGON 375000 805000 375000 800000 379500 800000 379500 800500 375500 800500 375500 804500 379500 804500 379500 800500 380000 800500 380000 805000 375000 805000 ;
POLYGON 378000 802000 378000 803000 377000 803000 377000 802000 378000 802000 ;
POLYGON 390000 805000 390000 800000 394500 800000 394500 800500 390500 800500 390500 804500 394500 804500 394500 800500 395000 800500 395000 805000 390000 805000 ;
POLYGON 393000 802000 393000 803000 392000 803000 392000 802000 393000 802000 ;
POLYGON 405000 805000 405000 800000 409500 800000 409500 800500 405500 800500 405500 804500 409500 804500 409500 800500 410000 800500 410000 805000 405000 805000 ;
POLYGON 408000 802000 408000 803000 407000 803000 407000 802000 408000 802000 ;
POLYGON 420000 805000 420000 800000 424500 800000 424500 800500 420500 800500 420500 804500 424500 804500 424500 800500 425000 800500 425000 805000 420000 805000 ;
POLYGON 423000 802000 423000 803000 422000 803000 422000 802000 423000 802000 ;
POLYGON 435000 805000 435000 800000 439500 800000 439500 800500 435500 800500 435500 804500 439500 804500 439500 800500 440000 800500 440000 805000 435000 805000 ;
POLYGON 438000 802000 438000 803000 437000 803000 437000 802000 438000 802000 ;
POLYGON 450000 805000 450000 800000 454500 800000 454500 800500 450500 800500 450500 804500 454500 804500 454500 800500 455000 800500 455000 805000 450000 805000 ;
POLYGON 453000 802000 453000 803000 452000 803000 452000 802000 453000 802000 ;
POLYGON 465000 805000 465000 800000 469500 800000 469500 800500 465500 800500 465500 804500 469500 804500 469500 800500 470000 800500 470000 805000 465000 805000 ;
POLYGON 468000 802000 468000 803000 467000 803000 467000 802000 468000 802000 ;
POLYGON 480000 805000 480000 800000 484500 800000 484500 800500 480500 800500 480500 804500 484500 804500 484500 800500 485000 800500 485000 805000 480000 805000 ;
POLYGON 483000 802000 483000 803000 482000 803000 482000 802000 483000 802000 ;
POLYGON 495000 805000 495000 800000 499500 800000 499500 800500 495500 800500 495500 804500 499500 804500 499500 800500 500000 800500 500000 805000 495000 805000 ;
POLYGON 498000 802000 498000 803000 497000 803000 497000 802000 498000 802000 ;
POLYGON 510000 805000 510000 800000 514500 800000 514500 800500 510500 800500 510500 804500 514500 804500 514500 800500 515000 800500 515000 805000 510000 805000 ;
POLYGON 513000 802000 513000 803000 512000 803000 512000 802000 513000 802000 ;
POLYGON 525000 805000 525000 800000 529500 800000 529500 800500 525500 800500 525500 804500 529500 804500 529500 800500 530000 800500 530000 805000 525000 805000 ;
POLYGON 528000 802000 528000 803000 527000 803000 527000 802000 528000 802000 ;
POLYGON 540000 805000 540000 800000 544500 800000 544500 800500 540500 800500 540500 804500 544500 804500 544500 800500 545000 800500 545000 805000 540000 805000 ;
POLYGON 543000 802000 543000 803000 542000 803000 542000 802000 543000 802000 ;
END DATA
